Starting project at /home/ubuntu/eter-app
React Compiler enabled
Metro is running in CI mode, reloads are disabled. Remove CI=true to enable watch mode.
Starting Metro Bundler
warning: Bundler cache is empty, rebuilding (this may take a minute)
The following packages should be updated for best compatibility with the installed expo version:
  expo-image-picker@55.0.18 - expected version: ~17.0.10
Your project may not work correctly until you install the expected versions of the packages.
Waiting on http://localhost:8082
Logs for your project will appear below.
Web node_modules/.pnpm/expo-router@6.0.23_@expo+metro-runtime@6.1.2_@types+react@19.1.17_expo-constants@18.0.1_412f9e654c8df7bbba9bd08dc26d8309/node_modules/expo-router/entry.js ░░░░░░░░░░░░░░░░  0.0% (0/1)
Web node_modules/.pnpm/expo-router@6.0.23_@expo+metro-runtime@6.1.2_@types+react@19.1.17_expo-constants@18.0.1_412f9e654c8df7bbba9bd08dc26d8309/node_modules/expo-router/entry.js ▓▓▓▓▓▓▓░░░░░░░░░ 44.4% ( 70/223)
λ node_modules/.pnpm/expo-router@6.0.23_@expo+metro-runtime@6.1.2_@types+react@19.1.17_expo-constants@18.0.1_412f9e654c8df7bbba9bd08dc26d8309/node_modules/expo-router/node/render.js ▓▓▓▓▓▓░░░░░░░░░░ 39.7% (317/503)
Web node_modules/.pnpm/expo-router@6.0.23_@expo+metro-runtime@6.1.2_@types+react@19.1.17_expo-constants@18.0.1_412f9e654c8df7bbba9bd08dc26d8309/node_modules/expo-router/entry.js ░░░░░░░░░░░░░░░░  0.0% (0/1)
Web node_modules/.pnpm/expo-router@6.0.23_@expo+metro-runtime@6.1.2_@types+react@19.1.17_expo-constants@18.0.1_412f9e654c8df7bbba9bd08dc26d8309/node_modules/expo-router/entry.js ▓▓▓▓▓▓▓░░░░░░░░░ 44.4% (254/436)
λ node_modules/.pnpm/expo-router@6.0.23_@expo+metro-runtime@6.1.2_@types+react@19.1.17_expo-constants@18.0.1_412f9e654c8df7bbba9bd08dc26d8309/node_modules/expo-router/node/render.js ▓▓▓▓▓▓▓▓▓░░░░░░░ 62.0% (676/861)
Web node_modules/.pnpm/expo-router@6.0.23_@expo+metro-runtime@6.1.2_@types+react@19.1.17_expo-constants@18.0.1_412f9e654c8df7bbba9bd08dc26d8309/node_modules/expo-router/entry.js ░░░░░░░░░░░░░░░░  0.0% (0/1)
λ node_modules/.pnpm/expo-router@6.0.23_@expo+metro-runtime@6.1.2_@types+react@19.1.17_expo-constants@18.0.1_412f9e654c8df7bbba9bd08dc26d8309/node_modules/expo-router/node/render.js ░░░░░░░░░░░░░░░░  0.0% (0/1)
Web node_modules/.pnpm/expo-router@6.0.23_@expo+metro-runtime@6.1.2_@types+react@19.1.17_expo-constants@18.0.1_412f9e654c8df7bbba9bd08dc26d8309/node_modules/expo-router/entry.js ▓▓▓▓▓▓▓▓░░░░░░░░ 55.7% (612/820)
λ node_modules/.pnpm/expo-router@6.0.23_@expo+metro-runtime@6.1.2_@types+react@19.1.17_expo-constants@18.0.1_412f9e654c8df7bbba9bd08dc26d8309/node_modules/expo-router/node/render.js ▓▓▓▓▓▓▓▓▓▓▓▓▓░░░ 85.5% ( 947/1024)
Web node_modules/.pnpm/expo-router@6.0.23_@expo+metro-runtime@6.1.2_@types+react@19.1.17_expo-constants@18.0.1_412f9e654c8df7bbba9bd08dc26d8309/node_modules/expo-router/entry.js ░░░░░░░░░░░░░░░░  0.0% (0/1)
λ node_modules/.pnpm/expo-router@6.0.23_@expo+metro-runtime@6.1.2_@types+react@19.1.17_expo-constants@18.0.1_412f9e654c8df7bbba9bd08dc26d8309/node_modules/expo-router/node/render.js ░░░░░░░░░░░░░░░░  0.0% (0/1)
Web node_modules/.pnpm/expo-router@6.0.23_@expo+metro-runtime@6.1.2_@types+react@19.1.17_expo-constants@18.0.1_412f9e654c8df7bbba9bd08dc26d8309/node_modules/expo-router/entry.js ░░░░░░░░░░░░░░░░  0.0% (0/1)
λ node_modules/.pnpm/expo-router@6.0.23_@expo+metro-runtime@6.1.2_@types+react@19.1.17_expo-constants@18.0.1_412f9e654c8df7bbba9bd08dc26d8309/node_modules/expo-router/node/render.js ░░░░░░░░░░░░░░░░  0.0% (0/1)
Web node_modules/.pnpm/expo-router@6.0.23_@expo+metro-runtime@6.1.2_@types+react@19.1.17_expo-constants@18.0.1_412f9e654c8df7bbba9bd08dc26d8309/node_modules/expo-router/entry.js ▓▓▓▓▓▓▓▓▓▓▓▓▓▓░░ 88.3% (1061/1129)
λ node_modules/.pnpm/expo-router@6.0.23_@expo+metro-runtime@6.1.2_@types+react@19.1.17_expo-constants@18.0.1_412f9e654c8df7bbba9bd08dc26d8309/node_modules/expo-router/node/render.js ▓▓▓▓▓▓▓▓▓▓▓▓▓▓▓░ 97.1% (1235/1253)
Web node_modules/.pnpm/expo-router@6.0.23_@expo+metro-runtime@6.1.2_@types+react@19.1.17_expo-constants@18.0.1_412f9e654c8df7bbba9bd08dc26d8309/node_modules/expo-router/entry.js ░░░░░░░░░░░░░░░░  0.0% (0/1)
λ node_modules/.pnpm/expo-router@6.0.23_@expo+metro-runtime@6.1.2_@types+react@19.1.17_expo-constants@18.0.1_412f9e654c8df7bbba9bd08dc26d8309/node_modules/expo-router/node/render.js ░░░░░░░░░░░░░░░░  0.0% (0/1)
Web node_modules/.pnpm/expo-router@6.0.23_@expo+metro-runtime@6.1.2_@types+react@19.1.17_expo-constants@18.0.1_412f9e654c8df7bbba9bd08dc26d8309/node_modules/expo-router/entry.js ░░░░░░░░░░░░░░░░  0.0% (0/1)
λ node_modules/.pnpm/expo-router@6.0.23_@expo+metro-runtime@6.1.2_@types+react@19.1.17_expo-constants@18.0.1_412f9e654c8df7bbba9bd08dc26d8309/node_modules/expo-router/node/render.js ░░░░░░░░░░░░░░░░  0.0% (0/1)
Web node_modules/.pnpm/expo-router@6.0.23_@expo+metro-runtime@6.1.2_@types+react@19.1.17_expo-constants@18.0.1_412f9e654c8df7bbba9bd08dc26d8309/node_modules/expo-router/entry.js ░░░░░░░░░░░░░░░░  0.0% (0/1)
λ node_modules/.pnpm/expo-router@6.0.23_@expo+metro-runtime@6.1.2_@types+react@19.1.17_expo-constants@18.0.1_412f9e654c8df7bbba9bd08dc26d8309/node_modules/expo-router/node/render.js ░░░░░░░░░░░░░░░░  0.0% (0/1)
λ Bundled 14942ms node_modules/.pnpm/expo-router@6.0.23_@expo+metro-runtime@6.1.2_@types+react@19.1.17_expo-constants@18.0.1_412f9e654c8df7bbba9bd08dc26d8309/node_modules/expo-router/node/render.js (1278 modules)
λ Bundled 11587ms node_modules/.pnpm/expo-router@6.0.23_@expo+metro-runtime@6.1.2_@types+react@19.1.17_expo-constants@18.0.1_412f9e654c8df7bbba9bd08dc26d8309/node_modules/expo-router/node/render.js (1 module)
λ Bundled 5617ms node_modules/.pnpm/expo-router@6.0.23_@expo+metro-runtime@6.1.2_@types+react@19.1.17_expo-constants@18.0.1_412f9e654c8df7bbba9bd08dc26d8309/node_modules/expo-router/node/render.js (1 module)
λ Bundled 2111ms node_modules/.pnpm/expo-router@6.0.23_@expo+metro-runtime@6.1.2_@types+react@19.1.17_expo-constants@18.0.1_412f9e654c8df7bbba9bd08dc26d8309/node_modules/expo-router/node/render.js (1 module)
[expo-notifications] Listening to push token changes is not yet fully supported on web. Adding a listener will have no effect.
λ  WARN  Image: style.resizeMode is deprecated. Please use props.resizeMode. 
λ  WARN  props.pointerEvents is deprecated. Use style.pointerEvents 
[expo-notifications] Listening to push token changes is not yet fully supported on web. Adding a listener will have no effect.
λ  WARN  Image: style.resizeMode is deprecated. Please use props.resizeMode. 
λ  WARN  props.pointerEvents is deprecated. Use style.pointerEvents 
[expo-notifications] Listening to push token changes is not yet fully supported on web. Adding a listener will have no effect.
λ  WARN  Image: style.resizeMode is deprecated. Please use props.resizeMode. 
λ  WARN  props.pointerEvents is deprecated. Use style.pointerEvents 
[expo-notifications] Listening to push token changes is not yet fully supported on web. Adding a listener will have no effect.
λ  WARN  Image: style.resizeMode is deprecated. Please use props.resizeMode. 
λ  WARN  props.pointerEvents is deprecated. Use style.pointerEvents 
Web node_modules/.pnpm/expo-router@6.0.23_@expo+metro-runtime@6.1.2_@types+react@19.1.17_expo-constants@18.0.1_412f9e654c8df7bbba9bd08dc26d8309/node_modules/expo-router/entry.js ▓▓▓▓▓▓▓▓▓▓▓▓▓▓▓░ 99.4% (1354/1358)
Web node_modules/.pnpm/expo-router@6.0.23_@expo+metro-runtime@6.1.2_@types+react@19.1.17_expo-constants@18.0.1_412f9e654c8df7bbba9bd08dc26d8309/node_modules/expo-router/entry.js ░░░░░░░░░░░░░░░░  0.0% (0/1)
Web node_modules/.pnpm/expo-router@6.0.23_@expo+metro-runtime@6.1.2_@types+react@19.1.17_expo-constants@18.0.1_412f9e654c8df7bbba9bd08dc26d8309/node_modules/expo-router/entry.js ░░░░░░░░░░░░░░░░  0.0% (0/1)
Web node_modules/.pnpm/expo-router@6.0.23_@expo+metro-runtime@6.1.2_@types+react@19.1.17_expo-constants@18.0.1_412f9e654c8df7bbba9bd08dc26d8309/node_modules/expo-router/entry.js ░░░░░░░░░░░░░░░░  0.0% (0/1)
Web Bundled 18573ms node_modules/.pnpm/expo-router@6.0.23_@expo+metro-runtime@6.1.2_@types+react@19.1.17_expo-constants@18.0.1_412f9e654c8df7bbba9bd08dc26d8309/node_modules/expo-router/entry.js (1358 modules)
Error: Premature close
    at onclose (node:internal/streams/end-of-stream:158:30)
    at processTicksAndRejections (node:internal/process/task_queues:85:11)
Web Bundled 15129ms node_modules/.pnpm/expo-router@6.0.23_@expo+metro-runtime@6.1.2_@types+react@19.1.17_expo-constants@18.0.1_412f9e654c8df7bbba9bd08dc26d8309/node_modules/expo-router/entry.js (1 module)
Web Bundled 9115ms node_modules/.pnpm/expo-router@6.0.23_@expo+metro-runtime@6.1.2_@types+react@19.1.17_expo-constants@18.0.1_412f9e654c8df7bbba9bd08dc26d8309/node_modules/expo-router/entry.js (1 module)
Web Bundled 5614ms node_modules/.pnpm/expo-router@6.0.23_@expo+metro-runtime@6.1.2_@types+react@19.1.17_expo-constants@18.0.1_412f9e654c8df7bbba9bd08dc26d8309/node_modules/expo-router/entry.js (1 module)
Error: Premature close
    at onclose (node:internal/streams/end-of-stream:158:30)
    at processTicksAndRejections (node:internal/process/task_queues:85:11)
Web node_modules/.pnpm/expo-router@6.0.23_@expo+metro-runtime@6.1.2_@types+react@19.1.17_expo-constants@18.0.1_412f9e654c8df7bbba9bd08dc26d8309/node_modules/expo-router/entry.js ▓▓▓▓▓▓▓░░░░░░░░░ 44.8% (497/752)
Web node_modules/.pnpm/expo-router@6.0.23_@expo+metro-runtime@6.1.2_@types+react@19.1.17_expo-constants@18.0.1_412f9e654c8df7bbba9bd08dc26d8309/node_modules/expo-router/entry.js ░░░░░░░░░░░░░░░░  0.0% (0/1)
Web node_modules/.pnpm/expo-router@6.0.23_@expo+metro-runtime@6.1.2_@types+react@19.1.17_expo-constants@18.0.1_412f9e654c8df7bbba9bd08dc26d8309/node_modules/expo-router/entry.js ▓▓▓▓▓▓▓▓▓▓▓▓▓▓▓░ 93.8% (1140/1191)
Web node_modules/.pnpm/expo-router@6.0.23_@expo+metro-runtime@6.1.2_@types+react@19.1.17_expo-constants@18.0.1_412f9e654c8df7bbba9bd08dc26d8309/node_modules/expo-router/entry.js ░░░░░░░░░░░░░░░░  0.0% (0/1)
Web Bundled 7037ms node_modules/.pnpm/expo-router@6.0.23_@expo+metro-runtime@6.1.2_@types+react@19.1.17_expo-constants@18.0.1_412f9e654c8df7bbba9bd08dc26d8309/node_modules/expo-router/entry.js (1359 modules)
Web Bundled 6499ms node_modules/.pnpm/expo-router@6.0.23_@expo+metro-runtime@6.1.2_@types+react@19.1.17_expo-constants@18.0.1_412f9e654c8df7bbba9bd08dc26d8309/node_modules/expo-router/entry.js (1 module)
 LOG  [web] Logs will appear in the browser console
 LOG  [web] Logs will appear in the browser console
λ Bundled 53ms node_modules/.pnpm/expo-router@6.0.23_@expo+metro-runtime@6.1.2_@types+react@19.1.17_expo-constants@18.0.1_412f9e654c8df7bbba9bd08dc26d8309/node_modules/expo-router/node/render.js (1 module)
[expo-notifications] Listening to push token changes is not yet fully supported on web. Adding a listener will have no effect.
λ  WARN  Image: style.resizeMode is deprecated. Please use props.resizeMode. 
λ  WARN  props.pointerEvents is deprecated. Use style.pointerEvents 
Web Bundled 475ms node_modules/.pnpm/expo-router@6.0.23_@expo+metro-runtime@6.1.2_@types+react@19.1.17_expo-constants@18.0.1_412f9e654c8df7bbba9bd08dc26d8309/node_modules/expo-router/entry.js (1 module)
Web Bundled 61ms node_modules/.pnpm/expo-router@6.0.23_@expo+metro-runtime@6.1.2_@types+react@19.1.17_expo-constants@18.0.1_412f9e654c8df7bbba9bd08dc26d8309/node_modules/expo-router/entry.js (1 module)
 LOG  [web] Logs will appear in the browser console
